DiagnosticsPlugin.exe Information: 0 : [27-11-2015 11:27:51] Starting DiagnosticPlugin.exe DiagnosticPlugin-ShutdownEvent DiagnosticPlugin-TotalShutdownEvent -wadVer1v4
DiagnosticsPlugin.exe Error: 0 : [27-11-2015 11:27:51] Failed to save IIS Directory state
DiagnosticsPlugin.exe Error: 0 : [27-11-2015 11:27:51] System.Runtime.InteropServices.COMException (0x80040154): Hentning af COM-klassefabrikken for komponenten med CLSID {2B72133B-3F5B-4602-8952-803546CE3344} mislykkedes pga. følgende fejl: 80040154 Klassen er ikke registreret (Undtagelse fra HRESULT: 0x80040154 (REGDB_E_CLASSNOTREG)).
   ved System.Runtime.Remoting.RemotingServices.AllocateUninitializedObject(RuntimeType objectType)
   ved System.Runtime.Remoting.Activation.ActivationServices.CreateInstance(RuntimeType serverType)
   ved System.Runtime.Remoting.Activation.ActivationServices.IsCurrentContextOK(RuntimeType serverType, Object[] props, Boolean bNewObj)
   ved System.RuntimeTypeHandle.CreateInstance(RuntimeType type, Boolean publicOnly, Boolean noCheck, Boolean& canBeCached, RuntimeMethodHandleInternal& ctor, Boolean& bNeedSecurityCheck)
   ved System.RuntimeType.CreateInstanceSlow(Boolean publicOnly, Boolean skipCheckThis, Boolean fillCache, StackCrawlMark& stackMark)
   ved System.Activator.CreateInstance[T]()
   ved Microsoft.Web.Administration.ConfigurationManager.CreateAdminManager[TClass,TInterface](WebConfigurationMap webConfigMap, Boolean isAdminConfig)
   ved Microsoft.Web.Administration.ConfigurationManager.CreateConfiguration(WebConfigurationMap configMap, String configPathToEdit, Boolean isAdminConfig)
   ved Microsoft.Web.Administration.ConfigurationManager.GetConfiguration(String rawConfigurationPath, String cacheKey, Boolean isAdminConfig)
   ved Microsoft.Web.Administration.ServerManager.get_SitesSection()
   ved Microsoft.Web.Administration.ServerManager.get_Sites()
   ved Microsoft.Azure.Plugins.Plugin.DiagnosticsPluginManager.SaveIISDirectoryState()
DiagnosticsPlugin.exe Information: 0 : [27-11-2015 11:27:51] Starting DiagnosticsPlugin
DiagnosticsPlugin.exe Information: 0 : [27-11-2015 11:27:51] Emulator config file set to C:\Users\Selzamouri\Documents\GitHub\3semesterprojekt1\SemesterProjektWebService\csx\Debug\roles\WCFServiceWebRole1\approot\diagnostics.wadcfgx
DiagnosticsPlugin.exe Information: 0 : [27-11-2015 11:27:51] DiagnosticsStoreRootPath set to: C:\Users\Selzamouri\AppData\Local\dftmp\Resources\84283916-96db-4be7-894b-a66b41bea091
DiagnosticsPlugin.exe Information: 0 : [27-11-2015 11:27:51] Loading config file: C:\Users\Selzamouri\Documents\GitHub\3semesterprojekt1\SemesterProjektWebService\csx\Debug\roles\WCFServiceWebRole1\approot\diagnostics.wadcfgx
DiagnosticsPlugin.exe Information: 0 : [27-11-2015 11:27:51] Checking VM Type
DiagnosticsPlugin.exe Information: 0 : [27-11-2015 11:27:51] Emulator config file set to C:\Users\Selzamouri\Documents\GitHub\3semesterprojekt1\SemesterProjektWebService\csx\Debug\roles\WCFServiceWebRole1\approot\diagnostics.wadcfgx
DiagnosticsPlugin.exe Information: 0 : [27-11-2015 11:27:51] Extension set to Emulator Mode
DiagnosticsPlugin.exe Information: 0 : [27-11-2015 11:27:51] Reading XML configuration file
DiagnosticsPlugin.exe Information: 0 : [27-11-2015 11:27:51] Bypassing private config decryption
DiagnosticsPlugin.exe Information: 0 : [27-11-2015 11:27:51] WadCfg is provided in initial configuration. Using that to initialize Diagnostics.
DiagnosticsPlugin.exe Information: 0 : [27-11-2015 11:27:51] <PublicConfig xmlns="http://schemas.microsoft.com/ServiceHosting/2010/10/DiagnosticsConfiguration">
  <WadCfg>
    <DiagnosticMonitorConfiguration overallQuotaInMB="4096">
      <DiagnosticInfrastructureLogs scheduledTransferLogLevelFilter="Error" />
      <Logs scheduledTransferPeriod="PT1M" scheduledTransferLogLevelFilter="Error" />
      <Directories scheduledTransferPeriod="PT1M">
        <IISLogs containerName="wad-iis-logfiles" />
        <FailedRequestLogs containerName="wad-failedrequestlogs" />
      </Directories>
      <WindowsEventLog scheduledTransferPeriod="PT1M">
        <DataSource name="Application!*" />
      </WindowsEventLog>
      <CrashDumps containerName="wad-crashdumps" dumpType="Mini">
        <CrashDumpConfiguration processName="WaIISHost.exe" />
        <CrashDumpConfiguration processName="WaWorkerHost.exe" />
        <CrashDumpConfiguration processName="w3wp.exe" />
      </CrashDumps>
      <PerformanceCounters scheduledTransferPeriod="PT1M">
        <PerformanceCounterConfiguration counterSpecifier="\Memory\Available MBytes" sampleRate="PT3M" />
        <PerformanceCounterConfiguration counterSpecifier="\Web Service(_Total)\ISAPI Extension Requests/sec" sampleRate="PT3M" />
        <PerformanceCounterConfiguration counterSpecifier="\Web Service(_Total)\Bytes Total/Sec" sampleRate="PT3M" />
        <PerformanceCounterConfiguration counterSpecifier="\ASP.NET Applications(__Total__)\Requests/Sec" sampleRate="PT3M" />
        <PerformanceCounterConfiguration counterSpecifier="\ASP.NET Applications(__Total__)\Errors Total/Sec" sampleRate="PT3M" />
        <PerformanceCounterConfiguration counterSpecifier="\ASP.NET\Requests Queued" sampleRate="PT3M" />
        <PerformanceCounterConfiguration counterSpecifier="\ASP.NET\Requests Rejected" sampleRate="PT3M" />
        <PerformanceCounterConfiguration counterSpecifier="\Processor(_Total)\% Processor Time" sampleRate="PT3M" />
      </PerformanceCounters>
    </DiagnosticMonitorConfiguration>
  </WadCfg>
  <StorageAccount>devstoreaccount1</StorageAccount>
</PublicConfig>
DiagnosticsPlugin.exe Information: 0 : [27-11-2015 11:27:51] Private setting is loaded
DiagnosticsPlugin.exe Information: 0 : [27-11-2015 11:27:51] Successfully created checkpoint file C:\Users\Selzamouri\AppData\Local\dftmp\Resources\84283916-96db-4be7-894b-a66b41bea091\WAD0104\Configuration\Checkpoint.txt
DiagnosticsPlugin.exe Information: 0 : [27-11-2015 11:27:51] Will use local resource directory C:\Users\Selzamouri\AppData\Local\dftmp\Resources\84283916-96db-4be7-894b-a66b41bea091\WAD0104
DiagnosticsPlugin.exe Information: 0 : [27-11-2015 11:27:51] Will use endpoint https://core.windows.net for storage.
DiagnosticsPlugin.exe Error: 0 : [27-11-2015 11:27:52] Exception in creating the ServerManager; is IIS installed?
 Error:System.Runtime.InteropServices.COMException (0x80040154): Hentning af COM-klassefabrikken for komponenten med CLSID {2B72133B-3F5B-4602-8952-803546CE3344} mislykkedes pga. følgende fejl: 80040154 Klassen er ikke registreret (Undtagelse fra HRESULT: 0x80040154 (REGDB_E_CLASSNOTREG)).
   ved System.Runtime.Remoting.RemotingServices.AllocateUninitializedObject(RuntimeType objectType)
   ved System.Runtime.Remoting.Activation.ActivationServices.CreateInstance(RuntimeType serverType)
   ved System.Runtime.Remoting.Activation.ActivationServices.IsCurrentContextOK(RuntimeType serverType, Object[] props, Boolean bNewObj)
   ved System.RuntimeTypeHandle.CreateInstance(RuntimeType type, Boolean publicOnly, Boolean noCheck, Boolean& canBeCached, RuntimeMethodHandleInternal& ctor, Boolean& bNeedSecurityCheck)
   ved System.RuntimeType.CreateInstanceSlow(Boolean publicOnly, Boolean skipCheckThis, Boolean fillCache, StackCrawlMark& stackMark)
   ved System.Activator.CreateInstance[T]()
   ved Microsoft.Web.Administration.ConfigurationManager.CreateAdminManager[TClass,TInterface](WebConfigurationMap webConfigMap, Boolean isAdminConfig)
   ved Microsoft.Web.Administration.ConfigurationManager.CreateConfiguration(WebConfigurationMap configMap, String configPathToEdit, Boolean isAdminConfig)
   ved Microsoft.Web.Administration.ConfigurationManager.GetConfiguration(String rawConfigurationPath, String cacheKey, Boolean isAdminConfig)
   ved Microsoft.Web.Administration.ServerManager.get_SitesSection()
   ved Microsoft.Web.Administration.ServerManager.get_Sites()
   ved Microsoft.Azure.Plugins.Plugin.WadConfigProcessor.AddDirectories(EventsType mdsEvents, Directories wadDirectories)
DiagnosticsPlugin.exe Information: 0 : [27-11-2015 11:27:52] Running in emulator mode, crash dumps not enabled
DiagnosticsPlugin.exe Information: 0 : [27-11-2015 11:27:52] In emulator mode and using devstore updating XStoreAccount info, command line args: -LocalPath "C:\Users\Selzamouri\AppData\Local\dftmp\Resources\84283916-96db-4be7-894b-a66b41bea091\WAD0104"  -ConfigFile "C:\Users\Selzamouri\AppData\Local\dftmp\Resources\84283916-96db-4be7-894b-a66b41bea091\WAD0104\Configuration\MaConfig.xml" -ShutDownEvent WADDM-ShutDown-c8fc778b380748aeb79fbd2292da14c6  -TotalShutDownEvent WADDM-TotalShutDown-c8fc778b380748aeb79fbd2292da14c6 -InitializedEvent WADM-StartUp-c8fc778b380748aeb79fbd2292da14c6 -parent 4220 -events -wadVer1v4 -UseProxyServer -XStoreAccounts WadAccount#true#devstoreaccount1#Eby8vdM02xNOcqFlqUwJPLlmEtlCDXJ1OUzFT50uSRZ6IFsuFq2UVErCz4I6tq/K1SZFPTOtr/KBHBeksoGMGw==#http://127.0.0.1:10002#http://127.0.0.1:10001#http://127.0.0.1:10000
DiagnosticsPlugin.exe Information: 0 : [27-11-2015 11:28:52] MonAgentHost.exe started
DiagnosticsPlugin.exe Information: 0 : [27-11-2015 11:28:52] DiagnoticsPlugin started.
DiagnosticsPlugin.exe Information: 0 : [27-11-2015 11:28:52] DiagnoticsPlugin now waiting on events "DiagnosticPlugin-ShutdownEvent", "DiagnosticPlugin-TotalShutdownEvent" or "DiagnosticPlugin-RestartEvent".
